<?xml version="1.0" encoding="UTF-8"?>
<testng-results ignored="0" total="1" passed="1" failed="0" skipped="0">
  <reporter-output>
  </reporter-output>
  <suite started-at="2023-06-14T19:16:44 AEST" name="Surefire suite" finished-at="2023-06-14T19:16:44 AEST" duration-ms="107">
    <groups>
    </groups>
    <test started-at="2023-06-14T19:16:44 AEST" name="Surefire test" finished-at="2023-06-14T19:16:44 AEST" duration-ms="107">
      <class name="com.practice1.AppTest">
        <test-method signature="shouldAnswerWithTrue()" started-at="2023-06-14T19:16:44 AEST" name="shouldAnswerWithTrue" finished-at="2023-06-14T19:16:44 AEST" duration-ms="14" status="PASS">
          <reporter-output>
          </reporter-output>
        </test-method> <!-- shouldAnswerWithTrue -->
      </class> <!-- com.practice1.AppTest -->
    </test> <!-- Surefire test -->
  </suite> <!-- Surefire suite -->
</testng-results>
